[debug] [2024-01-03T06:00:29.293Z] ----------------------------------------------------------------------
[debug] [2024-01-03T06:00:29.296Z] Command:       C:\Program Files\nodejs\node.exe C:\Users\GOD\AppData\Roaming\npm\node_modules\firebase-tools\lib\bin\firebase.js init functions
[debug] [2024-01-03T06:00:29.297Z] CLI Version:   13.0.2
[debug] [2024-01-03T06:00:29.297Z] Platform:      win32
[debug] [2024-01-03T06:00:29.297Z] Node Version:  v20.8.1
[debug] [2024-01-03T06:00:29.297Z] Time:          Wed Jan 03 2024 11:30:29 GMT+0530 (India Standard Time)
[debug] [2024-01-03T06:00:29.297Z] ----------------------------------------------------------------------
[debug] 
[debug] [2024-01-03T06:00:29.405Z] > command requires scopes: ["email","openid","https://www.googleapis.com/auth/cloudplatformprojects.readonly","https://www.googleapis.com/auth/firebase","https://www.googleapis.com/auth/cloud-platform"]
[debug] [2024-01-03T06:00:29.406Z] > authorizing via signed-in user (kapoorakshit136@gmail.com)
[info] 
     ######## #### ########  ######## ########     ###     ######  ########
     ##        ##  ##     ## ##       ##     ##  ##   ##  ##       ##
     ######    ##  ########  ######   ########  #########  ######  ######
     ##        ##  ##    ##  ##       ##     ## ##     ##       ## ##
     ##       #### ##     ## ######## ########  ##     ##  ######  ########

You're about to initialize a Firebase project in this directory:

  C:\Users\GOD\Downloads\react-firebase-chat-master\react-firebase-chat-master

Before we get started, keep in mind:

  * You are initializing within an existing Firebase project directory

[info] 
=== Project Setup
[info] 
[info] First, let's associate this project directory with a Firebase project.
[info] You can create multiple project aliases by running firebase use --add, 
[info] but for now we'll just set up a default project.
[info] 
[debug] [2024-01-03T06:00:34.430Z] Using project from CLI flag: fireship-demos
[debug] [2024-01-03T06:00:34.431Z] > refreshing access token with scopes: []
[debug] [2024-01-03T06:00:34.434Z] >>> [apiv2][query] POST https://www.googleapis.com/oauth2/v3/token [none]
[debug] [2024-01-03T06:00:34.435Z] >>> [apiv2][body] POST https://www.googleapis.com/oauth2/v3/token [omitted]
[debug] [2024-01-03T06:00:34.818Z] <<< [apiv2][status] POST https://www.googleapis.com/oauth2/v3/token 200
[debug] [2024-01-03T06:00:34.818Z] <<< [apiv2][body] POST https://www.googleapis.com/oauth2/v3/token [omitted]
[debug] [2024-01-03T06:00:34.825Z] >>> [apiv2][query] GET https://firebase.googleapis.com/v1beta1/projects/fireship-demos [none]
[debug] [2024-01-03T06:00:35.336Z] <<< [apiv2][status] GET https://firebase.googleapis.com/v1beta1/projects/fireship-demos 403
[debug] [2024-01-03T06:00:35.336Z] <<< [apiv2][body] GET https://firebase.googleapis.com/v1beta1/projects/fireship-demos {"error":{"code":403,"message":"The caller does not have permission","status":"PERMISSION_DENIED"}}
[debug] [2024-01-03T06:00:35.337Z] HTTP Error: 403, The caller does not have permission
[debug] [2024-01-03T06:00:35.626Z] FirebaseError: HTTP Error: 403, The caller does not have permission
    at responseToError (C:\Users\GOD\AppData\Roaming\npm\node_modules\firebase-tools\lib\responseToError.js:49:12)
    at RetryOperation._fn (C:\Users\GOD\AppData\Roaming\npm\node_modules\firebase-tools\lib\apiv2.js:292:77)
    at process.processTicksAndRejections (node:internal/process/task_queues:95:5)
[error] 
[error] Error: Failed to get Firebase project fireship-demos. Please make sure the project exists and your account has permission to access it.
